<?xml version="1.0" encoding="UTF-8"?>
<!-- Generated by org.testng.reporters.JUnitReportReporter -->
<testsuite hostname="USBLRPRADEEPG21" failures="0" tests="3" name="testngpractise.test1" time="0.025" errors="0" timestamp="2024-03-03T23:17:04 IST" skipped="0">
  <testcase classname="testngpractise.test1" name="basic2" time="0.002"/>
  <system-out/>
  <testcase classname="testngpractise.test1" name="basic" time="0.021"/>
  <system-out/>
  <testcase classname="testngpractise.test1" name="basic" time="0.002"/>
  <system-out/>
</testsuite> <!-- testngpractise.test1 -->
