<?xml version="1.0" encoding="UTF-8"?>
<!-- Generated by org.testng.reporters.JUnitReportReporter -->
<testsuite hostname="USBLRPRADEEPG21" failures="0" tests="5" name="testngpractise.test2" time="0.004" errors="0" timestamp="2024-03-03T23:17:04 IST" skipped="3">
  <testcase classname="testngpractise.test2" name="practiselatemorning" time="0.002"/>
  <system-out/>
  <testcase classname="testngpractise.test2" name="practiseearlymorning" time="0.002"/>
  <system-out/>
  <testcase classname="testngpractise.test2" name="nopratise">
    <skipped/>
  </testcase> <!-- nopratise -->
  <system-out/>
  <testcase classname="testngpractise.test2" name="practisenight">
    <skipped/>
  </testcase> <!-- practisenight -->
  <system-out/>
  <testcase classname="testngpractise.test2" name="practiseevening">
    <skipped/>
  </testcase> <!-- practiseevening -->
  <system-out/>
</testsuite> <!-- testngpractise.test2 -->
