<?xml version="1.0" encoding="UTF-8"?>
<!-- Generated by org.testng.reporters.JUnitReportReporter -->
<testsuite hostname="USBLRPRADEEPG21" failures="0" tests="2" name="testngcodes.Basics3" time="0.005" errors="0" timestamp="2024-03-03T19:13:45 IST" skipped="0">
  <testcase classname="testngcodes.Basics3" name="CarLoanMobile" time="0.002"/>
  <system-out/>
  <testcase classname="testngcodes.Basics3" name="HomeLoanAPI" time="0.003"/>
  <system-out/>
</testsuite> <!-- testngcodes.Basics3 -->
