<?xml version="1.0" encoding="UTF-8"?>
<!-- Generated by org.testng.reporters.JUnitReportReporter -->
<testsuite hostname="USBLRPRADEEPG21" failures="0" tests="1" name="testngpractise.PG1" time="0.024" errors="0" timestamp="2024-03-06T09:46:14 IST" skipped="0">
  <testcase classname="testngpractise.PG1" name="Pchild" time="0.024"/>
  <system-out/>
</testsuite> <!-- testngpractise.PG1 -->
