<?xml version="1.0" encoding="UTF-8"?>
<!-- Generated by org.testng.reporters.JUnitReportReporter -->
<testsuite hostname="USBLRPRADEEPG21" failures="0" tests="7" name="testngpractise.Carloantest" time="0.031" errors="0" timestamp="2024-03-03T23:17:04 IST" skipped="2">
  <testcase classname="testngpractise.Carloantest" name="CarLoanVR" time="0.002"/>
  <system-out/>
  <testcase classname="testngpractise.Carloantest" name="CarLoanVR" time="0.002"/>
  <system-out/>
  <testcase classname="testngpractise.Carloantest" name="CarLoan" time="0.020"/>
  <system-out/>
  <testcase classname="testngpractise.Carloantest" name="CarLoanVR" time="0.002"/>
  <system-out/>
  <testcase classname="testngpractise.Carloantest" name="CarLoanMobile" time="0.005"/>
  <system-out/>
  <testcase classname="testngpractise.Carloantest" name="BeforeMethod">
    <skipped/>
  </testcase> <!-- BeforeMethod -->
  <system-out/>
  <testcase classname="testngpractise.Carloantest" name="Aftermethod">
    <skipped/>
  </testcase> <!-- Aftermethod -->
  <system-out/>
</testsuite> <!-- testngpractise.Carloantest -->
