<?xml version="1.0" encoding="UTF-8"?>
<!-- Generated by org.testng.reporters.JUnitReportReporter -->
<testsuite hostname="USBLRPRADEEPG21" failures="0" tests="4" name="testngpractise.Matchmsgs" time="0.003" errors="0" timestamp="2024-03-03T23:17:04 IST" skipped="3">
  <testcase classname="testngpractise.Matchmsgs" name="TestMatch" time="0.003"/>
  <system-out/>
  <testcase classname="testngpractise.Matchmsgs" name="aftertest">
    <skipped/>
  </testcase> <!-- aftertest -->
  <system-out/>
  <testcase classname="testngpractise.Matchmsgs" name="beforetest">
    <skipped/>
  </testcase> <!-- beforetest -->
  <system-out/>
  <testcase classname="testngpractise.Matchmsgs" name="T20Match">
    <skipped/>
  </testcase> <!-- T20Match -->
  <system-out/>
</testsuite> <!-- testngpractise.Matchmsgs -->
