<?xml version="1.0" encoding="UTF-8"?>
<!-- Generated by org.testng.reporters.JUnitReportReporter -->
<testsuite hostname="USBLRPRADEEPG21" failures="0" tests="1" name="testngcodes.Basic" time="0.019" errors="0" timestamp="2024-03-03T19:13:45 IST" skipped="0">
  <testcase classname="testngcodes.Basic" name="SecondTest" time="0.019"/>
  <system-out/>
</testsuite> <!-- testngcodes.Basic -->
